<?xml version="1.0" encoding="utf-8"?><testsuites name="pytest tests"><testsuite name="pytest" errors="0" failures="0" skipped="0" tests="14" time="8.680" timestamp="2026-04-28T18:03:53.252031+00:00" hostname="agent-env-1d802cdd-7d7e-4551-9188-545b5d878d66"><testcase classname="backend.tests.test_iter11_corp_uploads_notify.TestCorpNameMandatory" name="test_post_onboarding_missing_corp_name_returns_400" time="0.501" /><testcase classname="backend.tests.test_iter11_corp_uploads_notify.TestCorpNameMandatory" name="test_post_onboarding_blank_corp_name_returns_400" time="0.056" /><testcase classname="backend.tests.test_iter11_corp_uploads_notify.TestCorpNameMandatory" name="test_post_onboarding_with_corp_name_succeeds" time="0.576" /><testcase classname="backend.tests.test_iter11_corp_uploads_notify.TestCorpNameMandatory" name="test_patch_onboarding_blank_corp_name_returns_400" time="0.067" /><testcase classname="backend.tests.test_iter11_corp_uploads_notify.TestSubmitToCloudtaxNotifiesAdmins" name="test_admin_receives_new_referral_admin_notification" time="2.069" /><testcase classname="backend.tests.test_iter11_corp_uploads_notify.TestCpaAssignmentNotifications" name="test_assignment_emits_three_notifications" time="1.955" /><testcase classname="backend.tests.test_iter11_corp_uploads_notify.TestCpaAssignmentNotifications" name="test_no_notification_when_cpa_unchanged" time="1.289" /><testcase classname="backend.tests.test_iter11_corp_uploads_notify.TestMultiFileUploads" name="test_three_uploads_accumulate" time="1.245" /><testcase classname="backend.tests.test_iter11_corp_uploads_notify.TestMultiFileUploads" name="test_download_specific_file" time="0.057" /><testcase classname="backend.tests.test_iter11_corp_uploads_notify.TestMultiFileUploads" name="test_download_nonexistent_file_returns_404" time="0.054" /><testcase classname="backend.tests.test_iter11_corp_uploads_notify.TestMultiFileUploads" name="test_delete_one_file_keeps_doc_uploaded" time="0.100" /><testcase classname="backend.tests.test_iter11_corp_uploads_notify.TestMultiFileUploads" name="test_ws_partner_cannot_delete_file" time="0.063" /><testcase classname="backend.tests.test_iter11_corp_uploads_notify.TestMultiFileUploads" name="test_delete_last_file_reverts_to_pending" time="0.323" /><testcase classname="backend.tests.test_iter11_corp_uploads_notify.TestLegacyDocNormalization" name="test_legacy_doc_has_synthetic_files_entry" time="0.232" /></testsuite></testsuites>