<?xml version="1.0" encoding="utf-8"?><testsuites name="pytest tests"><testsuite name="pytest" errors="0" failures="0" skipped="0" tests="6" time="2.704" timestamp="2026-04-28T21:24:42.260039+00:00" hostname="agent-env-1d802cdd-7d7e-4551-9188-545b5d878d66"><testcase classname="backend.tests.test_forgot_reset_password.TestForgotPassword" name="test_valid_email_returns_link" time="0.426" /><testcase classname="backend.tests.test_forgot_reset_password.TestForgotPassword" name="test_unknown_email_returns_no_link" time="0.060" /><testcase classname="backend.tests.test_forgot_reset_password.TestForgotPassword" name="test_email_case_insensitive" time="0.171" /><testcase classname="backend.tests.test_forgot_reset_password.TestResetPasswordCycle" name="test_full_reset_then_login_then_revert" time="1.616" /><testcase classname="backend.tests.test_forgot_reset_password.TestResetPasswordCycle" name="test_invalid_token_rejected" time="0.063" /><testcase classname="backend.tests.test_forgot_reset_password.TestResetPasswordCycle" name="test_short_password_rejected" time="0.227" /></testsuite></testsuites>