<?xml version="1.0" encoding="utf-8"?><testsuites name="pytest tests"><testsuite name="pytest" errors="0" failures="0" skipped="0" tests="26" time="9.399" timestamp="2026-04-28T21:27:37.201528+00:00" hostname="agent-env-1d802cdd-7d7e-4551-9188-545b5d878d66"><testcase classname="backend.tests.test_t183_rebuild.TestT183Upload" name="test_rbac_client_blocked" time="1.021" /><testcase classname="backend.tests.test_t183_rebuild.TestT183Upload" name="test_rbac_ws_blocked" time="0.481" /><testcase classname="backend.tests.test_t183_rebuild.TestT183Upload" name="test_empty_file_400" time="0.138" /><testcase classname="backend.tests.test_t183_rebuild.TestT183Upload" name="test_non_pdf_400" time="0.121" /><testcase classname="backend.tests.test_t183_rebuild.TestT183Upload" name="test_upload_success_resets_state" time="0.494" /><testcase classname="backend.tests.test_t183_rebuild.TestT183Position" name="test_position_out_of_range" time="0.140" /><testcase classname="backend.tests.test_t183_rebuild.TestT183Position" name="test_position_success" time="0.109" /><testcase classname="backend.tests.test_t183_rebuild.TestT183Position" name="test_position_requires_upload" time="0.767" /><testcase classname="backend.tests.test_t183_rebuild.TestT183Send" name="test_send_success" time="0.236" /><testcase classname="backend.tests.test_t183_rebuild.TestT183File" name="test_file_original" time="0.122" /><testcase classname="backend.tests.test_t183_rebuild.TestT183File" name="test_file_auto_returns_original_when_no_signed" time="0.141" /><testcase classname="backend.tests.test_t183_rebuild.TestT183Sign" name="test_sign_invalid_data_url_400" time="0.131" /><testcase classname="backend.tests.test_t183_rebuild.TestT183Sign" name="test_sign_empty_name_400" time="0.123" /><testcase classname="backend.tests.test_t183_rebuild.TestT183Sign" name="test_sign_cpa_blocked" time="0.118" /><testcase classname="backend.tests.test_t183_rebuild.TestT183Sign" name="test_sign_success_pymupdf_merge" time="0.779" /><testcase classname="backend.tests.test_t183_rebuild.TestT183Legacy" name="test_thompson_signed_metadata" time="0.501" /><testcase classname="backend.tests.test_t183_rebuild.TestT183Legacy" name="test_legacy_auto_falls_back" time="0.144" /><testcase classname="backend.tests.test_admin_overhaul.TestUsersTeam" name="test_team_excludes_clients_and_no_id_leak" time="0.678" /><testcase classname="backend.tests.test_admin_overhaul.TestUsersTeam" name="test_team_admin_only" time="0.918" /><testcase classname="backend.tests.test_admin_overhaul.TestPatchUserPermissions" name="test_patch_permissions_and_display_role_persist" time="0.317" /><testcase classname="backend.tests.test_admin_overhaul.TestNotifications" name="test_unread_count_shape" time="0.117" /><testcase classname="backend.tests.test_admin_overhaul.TestNotifications" name="test_mark_single_read_decrements" time="0.490" /><testcase classname="backend.tests.test_admin_overhaul.TestNotifications" name="test_mark_all_read_zeroes_count" time="0.214" /><testcase classname="backend.tests.test_admin_overhaul.TestInviteWithPermissions" name="test_invite_persists_perms_and_display_role" time="0.522" /><testcase classname="backend.tests.test_admin_overhaul.TestMessagesUnreadCountRegression" name="test_messages_unread_count_still_works" time="0.270" /><testcase classname="backend.tests.test_admin_overhaul.TestPatchMeRouteOrder" name="test_patch_me_client_works" time="0.112" /></testsuite></testsuites>