<?xml version="1.0" encoding="utf-8"?><testsuites name="pytest tests"><testsuite name="pytest" errors="0" failures="0" skipped="0" tests="2" time="22.703" timestamp="2026-04-29T18:30:33.991376+00:00" hostname="agent-env-1d802cdd-7d7e-4551-9188-545b5d878d66"><testcase classname="backend.tests.test_iter18_2fa_and_remind.TestTwoFactorRoundtrip" name="test_full_2fa_roundtrip" time="21.902" /><testcase classname="backend.tests.test_iter18_2fa_and_remind.TestPerDocReminder" name="test_remind_single_doc_and_cooldown" time="0.672" /></testsuite></testsuites>