<?xml version="1.0" encoding="utf-8"?><testsuites name="pytest tests"><testsuite name="pytest" errors="0" failures="0" skipped="0" tests="6" time="1.880" timestamp="2026-04-29T17:11:22.225497+00:00" hostname="agent-env-1d802cdd-7d7e-4551-9188-545b5d878d66"><testcase classname="backend.tests.test_iter17_filed_gate.TestFiledGate" name="test_block_when_no_t183_no_confirmation" time="0.632" /><testcase classname="backend.tests.test_iter17_filed_gate.TestFiledGate" name="test_block_when_t183_signed_but_no_confirmation" time="0.169" /><testcase classname="backend.tests.test_iter17_filed_gate.TestFiledGate" name="test_existing_filed_engagement_has_both_fields" time="0.118" /><testcase classname="backend.tests.test_iter17_filed_gate.TestFiledGate" name="test_cpa_role_also_blocked" time="0.510" /><testcase classname="backend.tests.test_iter17_filed_gate.TestRegression" name="test_admin_messages_inbox" time="0.198" /><testcase classname="backend.tests.test_iter17_filed_gate.TestRegression" name="test_forgot_password_endpoint_exists" time="0.188" /></testsuite></testsuites>