<?xml version="1.0" encoding="utf-8"?><testsuites name="pytest tests"><testsuite name="pytest" errors="0" failures="0" skipped="0" tests="10" time="4.532" timestamp="2026-04-29T08:44:50.427835+00:00" hostname="agent-env-1d802cdd-7d7e-4551-9188-545b5d878d66"><testcase classname="backend.tests.test_avatar_inbox.TestAvatar" name="test_get_no_avatar_returns_404" time="0.592" /><testcase classname="backend.tests.test_avatar_inbox.TestAvatar" name="test_upload_unsupported_mime_rejected" time="0.044" /><testcase classname="backend.tests.test_avatar_inbox.TestAvatar" name="test_upload_oversize_rejected" time="0.562" /><testcase classname="backend.tests.test_avatar_inbox.TestAvatar" name="test_upload_png_then_get_then_delete" time="0.679" /><testcase classname="backend.tests.test_avatar_inbox.TestAvatar" name="test_upload_webp_accepted" time="0.240" /><testcase classname="backend.tests.test_avatar_inbox.TestMessagesInbox" name="test_admin_inbox_lists_engagements" time="0.405" /><testcase classname="backend.tests.test_avatar_inbox.TestMessagesInbox" name="test_cpa_inbox_only_assigned" time="0.426" /><testcase classname="backend.tests.test_avatar_inbox.TestMessagesInbox" name="test_client_inbox_only_own" time="0.464" /><testcase classname="backend.tests.test_avatar_inbox.TestMessagesInbox" name="test_ws_partner_forbidden" time="0.406" /><testcase classname="backend.tests.test_avatar_inbox.TestMessagesInbox" name="test_admin_send_message_then_inbox_shows_it" time="0.649" /></testsuite></testsuites>