<?xml version="1.0" encoding="utf-8"?><testsuites name="pytest tests"><testsuite name="pytest" errors="0" failures="0" skipped="0" tests="11" time="94.370" timestamp="2026-04-29T19:30:44.444256+00:00" hostname="agent-env-1d802cdd-7d7e-4551-9188-545b5d878d66"><testcase classname="backend.tests.test_iter27_resend_otp_filing_summary.TestOtp2FA" name="test_enable_init_shape" time="46.876" /><testcase classname="backend.tests.test_iter27_resend_otp_filing_summary.TestOtp2FA" name="test_enable_confirm_then_login_2fa_then_disable" time="3.666" /><testcase classname="backend.tests.test_iter27_resend_otp_filing_summary.TestOtp2FA" name="test_disable_with_wrong_password_rejected" time="1.333" /><testcase classname="backend.tests.test_iter27_resend_otp_filing_summary.TestOtp2FA" name="test_resend_cooldown_429" time="1.537" /><testcase classname="backend.tests.test_iter27_resend_otp_filing_summary.TestOtp2FA" name="test_resend_after_cooldown_succeeds_and_burns_prior" time="33.147" /><testcase classname="backend.tests.test_iter27_resend_otp_filing_summary.TestOtp2FA" name="test_otp_max_attempts_burns_challenge" time="3.013" /><testcase classname="backend.tests.test_iter27_resend_otp_filing_summary.TestFileWithCRAFilingSummary" name="test_missing_filing_summary_rejected" time="2.630" /><testcase classname="backend.tests.test_iter27_resend_otp_filing_summary.TestFileWithCRAFilingSummary" name="test_incomplete_filing_summary_rejected" time="0.225" /><testcase classname="backend.tests.test_iter27_resend_otp_filing_summary.TestFileWithCRAFilingSummary" name="test_empty_string_values_treated_as_missing" time="0.223" /><testcase classname="backend.tests.test_iter27_resend_otp_filing_summary.TestFileWithCRAFilingSummary" name="test_missing_filing_summary_returns_400_not_500" time="0.225" /><testcase classname="backend.tests.test_iter27_resend_otp_filing_summary.TestFileWithCRAFilingSummary" name="test_payment_due_date_optional_succeeds" time="1.399" /></testsuite></testsuites>