<?xml version="1.0" encoding="utf-8"?><testsuites name="pytest tests"><testsuite name="pytest" errors="0" failures="4" skipped="2" tests="45" time="14.097" timestamp="2026-04-29T08:45:00.892912+00:00" hostname="agent-env-1d802cdd-7d7e-4551-9188-545b5d878d66"><testcase classname="backend.tests.test_t183_rebuild.TestT183Upload" name="test_rbac_client_blocked" time="0.961" /><testcase classname="backend.tests.test_t183_rebuild.TestT183Upload" name="test_rbac_ws_blocked" time="0.446" /><testcase classname="backend.tests.test_t183_rebuild.TestT183Upload" name="test_empty_file_400" time="0.112" /><testcase classname="backend.tests.test_t183_rebuild.TestT183Upload" name="test_non_pdf_400" time="0.109" /><testcase classname="backend.tests.test_t183_rebuild.TestT183Upload" name="test_upload_success_resets_state" time="0.481" /><testcase classname="backend.tests.test_t183_rebuild.TestT183Position" name="test_position_out_of_range" time="0.103" /><testcase classname="backend.tests.test_t183_rebuild.TestT183Position" name="test_position_success" time="0.113" /><testcase classname="backend.tests.test_t183_rebuild.TestT183Position" name="test_position_requires_upload" time="0.806" /><testcase classname="backend.tests.test_t183_rebuild.TestT183Send" name="test_send_success" time="0.264" /><testcase classname="backend.tests.test_t183_rebuild.TestT183File" name="test_file_original" time="0.149" /><testcase classname="backend.tests.test_t183_rebuild.TestT183File" name="test_file_auto_returns_original_when_no_signed" time="0.112" /><testcase classname="backend.tests.test_t183_rebuild.TestT183Sign" name="test_sign_invalid_data_url_400" time="0.118" /><testcase classname="backend.tests.test_t183_rebuild.TestT183Sign" name="test_sign_empty_name_400" time="0.100" /><testcase classname="backend.tests.test_t183_rebuild.TestT183Sign" name="test_sign_cpa_blocked" time="0.109" /><testcase classname="backend.tests.test_t183_rebuild.TestT183Sign" name="test_sign_success_pymupdf_merge" time="0.707" /><testcase classname="backend.tests.test_t183_rebuild.TestT183Legacy" name="test_thompson_signed_metadata" time="0.475" /><testcase classname="backend.tests.test_t183_rebuild.TestT183Legacy" name="test_legacy_auto_falls_back" time="0.117" /><testcase classname="backend.tests.test_admin_overhaul.TestUsersTeam" name="test_team_excludes_clients_and_no_id_leak" time="0.435" /><testcase classname="backend.tests.test_admin_overhaul.TestUsersTeam" name="test_team_admin_only" time="0.912" /><testcase classname="backend.tests.test_admin_overhaul.TestPatchUserPermissions" name="test_patch_permissions_and_display_role_persist" time="0.329" /><testcase classname="backend.tests.test_admin_overhaul.TestNotifications" name="test_unread_count_shape" time="0.099" /><testcase classname="backend.tests.test_admin_overhaul.TestNotifications" name="test_mark_single_read_decrements" time="0.109"><skipped type="pytest.skip" message="no unread notifications to mark">/app/backend/tests/test_admin_overhaul.py:114: no unread notifications to mark</skipped></testcase><testcase classname="backend.tests.test_admin_overhaul.TestNotifications" name="test_mark_all_read_zeroes_count" time="0.206" /><testcase classname="backend.tests.test_admin_overhaul.TestInviteWithPermissions" name="test_invite_persists_perms_and_display_role" time="0.687" /><testcase classname="backend.tests.test_admin_overhaul.TestMessagesUnreadCountRegression" name="test_messages_unread_count_still_works" time="0.212" /><testcase classname="backend.tests.test_admin_overhaul.TestPatchMeRouteOrder" name="test_patch_me_client_works" time="0.105" /><testcase classname="backend.tests.test_forgot_reset_password.TestForgotPassword" name="test_valid_email_returns_link" time="0.194" /><testcase classname="backend.tests.test_forgot_reset_password.TestForgotPassword" name="test_unknown_email_returns_no_link" time="0.050" /><testcase classname="backend.tests.test_forgot_reset_password.TestForgotPassword" name="test_email_case_insensitive" time="0.140" /><testcase classname="backend.tests.test_forgot_reset_password.TestResetPasswordCycle" name="test_full_reset_then_login_then_revert" time="1.479" /><testcase classname="backend.tests.test_forgot_reset_password.TestResetPasswordCycle" name="test_invalid_token_rejected" time="0.047" /><testcase classname="backend.tests.test_forgot_reset_password.TestResetPasswordCycle" name="test_short_password_rejected" time="0.195" /><testcase classname="backend.tests.test_draft_review_flow.TestAuth" name="test_admin_login" time="0.724" /><testcase classname="backend.tests.test_draft_review_flow.TestAuth" name="test_cpa_login" time="0.046" /><testcase classname="backend.tests.test_draft_review_flow.TestAuth" name="test_client_login" time="0.404" /><testcase classname="backend.tests.test_draft_review_flow.TestUploadDraftAutoMove" name="test_inprep_upload_moves_to_review_and_clears_decision" time="0.199"><failure message="AssertionError: precondition: status must be IN_PREP, got FILED&#10;assert 'FILED' == 'IN_PREP'&#10;  &#10;  - IN_PREP&#10;  + FILED">E   AssertionError: precondition: status must be IN_PREP, got FILED
    assert 'FILED' == 'IN_PREP'
      
      - IN_PREP
      + FILED</failure></testcase><testcase classname="backend.tests.test_draft_review_flow.TestUploadDraftAutoMove" name="test_inreview_reupload_keeps_status_and_clears_decision" time="0.061"><failure message="AssertionError: assert 'FILED' == 'IN_REVIEW'&#10;  &#10;  - IN_REVIEW&#10;  + FILED">E   AssertionError: assert 'FILED' == 'IN_REVIEW'
      
      - IN_REVIEW
      + FILED</failure></testcase><testcase classname="backend.tests.test_draft_review_flow.TestDeleteDraft" name="test_delete_draft_reverts_to_inprep" time="0.103"><failure message="assert 400 == 200&#10; +  where 400 = &lt;Response [400]&gt;.status_code">E   assert 400 == 200
     +  where 400 = &lt;Response [400]&gt;.status_code</failure></testcase><testcase classname="backend.tests.test_draft_review_flow.TestDeleteDraft" name="test_delete_draft_returns_404_when_missing" time="0.150" /><testcase classname="backend.tests.test_draft_review_flow.TestDeleteDraft" name="test_delete_draft_forbidden_for_client" time="0.157" /><testcase classname="backend.tests.test_draft_review_flow.TestDeleteDraft" name="test_delete_draft_forbidden_for_ws_partner" time="0.536" /><testcase classname="backend.tests.test_draft_review_flow.TestDeleteDraft" name="test_admin_can_delete_draft" time="0.152"><failure message="assert 400 == 200&#10; +  where 400 = &lt;Response [400]&gt;.status_code">E   assert 400 == 200
     +  where 400 = &lt;Response [400]&gt;.status_code</failure></testcase><testcase classname="backend.tests.test_draft_review_flow.TestRegression" name="test_move_to_review_manual" time="0.199"><skipped type="pytest.skip" message="Cannot reset to IN_PREP via admin endpoint">/app/backend/tests/test_draft_review_flow.py:287: Cannot reset to IN_PREP via admin endpoint</skipped></testcase><testcase classname="backend.tests.test_draft_review_flow.TestRegression" name="test_review_decision_approved" time="0.159" /><testcase classname="backend.tests.test_draft_review_flow.TestRegression" name="test_review_decision_issue_requires_note" time="0.538" /></testsuite></testsuites>