<?xml version="1.0" encoding="utf-8"?><testsuites name="pytest tests"><testsuite name="pytest" errors="0" failures="0" skipped="1" tests="3" time="1.312" timestamp="2026-04-29T18:50:51.891492+00:00" hostname="agent-env-1d802cdd-7d7e-4551-9188-545b5d878d66"><testcase classname="backend.tests.test_iter19_filed_gate_and_rollback.TestFiledGate" name="test_patch_to_filed_without_t183_returns_400" time="0.530" /><testcase classname="backend.tests.test_iter19_filed_gate_and_rollback.TestFiledGate" name="test_patch_to_filed_with_t183_but_no_confirmation_returns_400" time="0.066"><skipped type="pytest.skip" message="No engagement with t183 but without filing_confirmation available">/app/backend/tests/test_iter19_filed_gate_and_rollback.py:89: No engagement with t183 but without filing_confirmation available</skipped></testcase><testcase classname="backend.tests.test_iter19_filed_gate_and_rollback.TestRollbackFromFiled" name="test_admin_can_rollback_filed_to_in_review_then_restore" time="0.646" /></testsuite></testsuites>