<?xml version="1.0" encoding="utf-8"?><testsuites name="pytest tests"><testsuite name="pytest" errors="0" failures="0" skipped="1" tests="43" time="92.537" timestamp="2026-04-26T04:01:48.183406+00:00" hostname="agent-env-1d802cdd-7d7e-4551-9188-545b5d878d66"><testcase classname="backend.tests.test_cloudtax_api.TestHealth" name="test_health_returns_ok" time="0.283" /><testcase classname="backend.tests.test_cloudtax_api.TestAuth" name="test_login_admin_success" time="0.397" /><testcase classname="backend.tests.test_cloudtax_api.TestAuth" name="test_login_cpa_success" time="0.359" /><testcase classname="backend.tests.test_cloudtax_api.TestAuth" name="test_login_ws_partner_success" time="0.372" /><testcase classname="backend.tests.test_cloudtax_api.TestAuth" name="test_login_client_success" time="0.389" /><testcase classname="backend.tests.test_cloudtax_api.TestAuth" name="test_login_invalid_credentials" time="0.146" /><testcase classname="backend.tests.test_cloudtax_api.TestAuth" name="test_me_with_bearer_token" time="0.475" /><testcase classname="backend.tests.test_cloudtax_api.TestAuth" name="test_me_without_token_returns_401" time="0.113" /><testcase classname="backend.tests.test_cloudtax_api.TestAuth" name="test_logout_clears_cookie" time="0.393" /><testcase classname="backend.tests.test_cloudtax_api.TestBruteForce" name="test_brute_force_lockout_after_5_fails" time="0.745" /><testcase classname="backend.tests.test_cloudtax_api.TestRBAC" name="test_cpa_sees_only_own_engagements" time="0.485" /><testcase classname="backend.tests.test_cloudtax_api.TestRBAC" name="test_ws_partner_cannot_access_documents" time="0.916" /><testcase classname="backend.tests.test_cloudtax_api.TestRBAC" name="test_client_sees_only_own_engagement_with_tier_redacted" time="0.474" /><testcase classname="backend.tests.test_cloudtax_api.TestEngagements" name="test_admin_list_engagements_returns_10_seeded" time="0.489" /><testcase classname="backend.tests.test_cloudtax_api.TestEngagements" name="test_get_engagement_returns_enriched_data" time="0.574" /><testcase classname="backend.tests.test_cloudtax_api.TestEngagements" name="test_patch_engagement_status_logs_history" time="0.499"><skipped type="pytest.skip" message="No INTAKE engagement found for status change test">/app/backend/tests/test_cloudtax_api.py:287: No INTAKE engagement found for status change test</skipped></testcase><testcase classname="backend.tests.test_cloudtax_api.TestDocuments" name="test_list_documents_returns_checklist" time="0.590" /><testcase classname="backend.tests.test_cloudtax_api.TestDocuments" name="test_upload_url_returns_presigned_url" time="0.737" /><testcase classname="backend.tests.test_cloudtax_api.TestOpportunities" name="test_create_opportunity" time="0.558" /><testcase classname="backend.tests.test_cloudtax_api.TestOpportunities" name="test_share_opportunity_with_ws" time="0.948" /><testcase classname="backend.tests.test_cloudtax_api.TestOpportunities" name="test_ws_sees_shared_opportunities" time="0.480" /><testcase classname="backend.tests.test_cloudtax_api.TestTimeEntries" name="test_create_time_entry" time="0.545" /><testcase classname="backend.tests.test_cloudtax_api.TestTimeEntries" name="test_list_time_entries" time="0.582" /><testcase classname="backend.tests.test_cloudtax_api.TestChecklist" name="test_list_checklist" time="0.559" /><testcase classname="backend.tests.test_cloudtax_api.TestChecklist" name="test_toggle_checklist_item" time="0.661" /><testcase classname="backend.tests.test_cloudtax_api.TestMetrics" name="test_pilot_metrics_admin" time="0.469" /><testcase classname="backend.tests.test_cloudtax_api.TestMetrics" name="test_pilot_metrics_ws" time="0.448" /><testcase classname="backend.tests.test_cloudtax_api.TestMetrics" name="test_economics_admin_only" time="0.917" /><testcase classname="backend.tests.test_cloudtax_api.TestMetrics" name="test_utilization_metrics" time="0.452" /><testcase classname="backend.tests.test_cloudtax_api.TestUsers" name="test_invite_user_creates_user_and_link" time="0.780" /><testcase classname="backend.tests.test_cloudtax_api.TestUsers" name="test_invite_duplicate_user_returns_409" time="0.434" /><testcase classname="backend.tests.test_cloudtax_api.TestUsers" name="test_update_user_toggle_active" time="0.854" /><testcase classname="backend.tests.test_cloudtax_api.TestMessaging" name="test_post_message_and_list" time="0.690" /><testcase classname="backend.tests.test_cloudtax_api.TestMessaging" name="test_attach_url_returns_presigned_put" time="0.573" /><testcase classname="backend.tests.test_cloudtax_api.TestMessaging" name="test_messages_unread_count" time="0.822" /><testcase classname="backend.tests.test_cloudtax_api.TestMessaging" name="test_sse_stream_with_query_token" time="0.550" /><testcase classname="backend.tests.test_cloudtax_api.TestMessaging" name="test_sse_rejects_without_token" time="0.111" /><testcase classname="backend.tests.test_cloudtax_api.TestCsvExport" name="test_export_admin_returns_csv" time="0.485" /><testcase classname="backend.tests.test_cloudtax_api.TestCsvExport" name="test_export_client_forbidden" time="0.468" /><testcase classname="backend.tests.test_cloudtax_api.TestRemindDeferred" name="test_remind_no_deferred_returns_400" time="0.571" /><testcase classname="backend.tests.test_cloudtax_api.TestStatusHistory" name="test_history_returns_list_no_objectid" time="0.579" /><testcase classname="backend.tests.test_cloudtax_api.TestUserPreferences" name="test_update_notification_prefs" time="0.573" /><testcase classname="backend.tests.test_cloudtax_api.TestObjectIdLeak" name="test_no_objectid_leak_anywhere" time="69.907" /></testsuite></testsuites>