<?xml version="1.0" encoding="utf-8"?><testsuites name="pytest tests"><testsuite name="pytest" errors="0" failures="0" skipped="0" tests="17" time="5.564" timestamp="2026-04-28T19:14:49.499503+00:00" hostname="agent-env-1d802cdd-7d7e-4551-9188-545b5d878d66"><testcase classname="backend.tests.test_t183_rebuild.TestT183Upload" name="test_rbac_client_blocked" time="1.020" /><testcase classname="backend.tests.test_t183_rebuild.TestT183Upload" name="test_rbac_ws_blocked" time="0.469" /><testcase classname="backend.tests.test_t183_rebuild.TestT183Upload" name="test_empty_file_400" time="0.119" /><testcase classname="backend.tests.test_t183_rebuild.TestT183Upload" name="test_non_pdf_400" time="0.125" /><testcase classname="backend.tests.test_t183_rebuild.TestT183Upload" name="test_upload_success_resets_state" time="0.569" /><testcase classname="backend.tests.test_t183_rebuild.TestT183Position" name="test_position_out_of_range" time="0.110" /><testcase classname="backend.tests.test_t183_rebuild.TestT183Position" name="test_position_success" time="0.117" /><testcase classname="backend.tests.test_t183_rebuild.TestT183Position" name="test_position_requires_upload" time="0.831" /><testcase classname="backend.tests.test_t183_rebuild.TestT183Send" name="test_send_success" time="0.291" /><testcase classname="backend.tests.test_t183_rebuild.TestT183File" name="test_file_original" time="0.140" /><testcase classname="backend.tests.test_t183_rebuild.TestT183File" name="test_file_auto_returns_original_when_no_signed" time="0.145" /><testcase classname="backend.tests.test_t183_rebuild.TestT183Sign" name="test_sign_invalid_data_url_400" time="0.133" /><testcase classname="backend.tests.test_t183_rebuild.TestT183Sign" name="test_sign_empty_name_400" time="0.118" /><testcase classname="backend.tests.test_t183_rebuild.TestT183Sign" name="test_sign_cpa_blocked" time="0.104" /><testcase classname="backend.tests.test_t183_rebuild.TestT183Sign" name="test_sign_success_pymupdf_merge" time="0.597" /><testcase classname="backend.tests.test_t183_rebuild.TestT183Legacy" name="test_thompson_signed_metadata" time="0.456" /><testcase classname="backend.tests.test_t183_rebuild.TestT183Legacy" name="test_legacy_auto_falls_back" time="0.119" /></testsuite></testsuites>