<?xml version="1.0" encoding="utf-8"?><testsuites name="pytest tests"><testsuite name="pytest" errors="0" failures="0" skipped="0" tests="10" time="4.951" timestamp="2026-04-26T17:27:06.049096+00:00" hostname="agent-env-1d802cdd-7d7e-4551-9188-545b5d878d66"><testcase classname="backend.tests.test_checklist_template.TestChecklistTemplateAccess" name="test_get_as_ws_partner_returns_default_6_items" time="0.499" /><testcase classname="backend.tests.test_checklist_template.TestChecklistTemplateAccess" name="test_get_as_admin_200" time="0.474" /><testcase classname="backend.tests.test_checklist_template.TestChecklistTemplateAccess" name="test_get_as_cpa_forbidden" time="0.498" /><testcase classname="backend.tests.test_checklist_template.TestChecklistTemplateAccess" name="test_get_as_client_forbidden" time="0.440" /><testcase classname="backend.tests.test_checklist_template.TestChecklistTemplatePersistence" name="test_put_empty_items_returns_400" time="0.223" /><testcase classname="backend.tests.test_checklist_template.TestChecklistTemplatePersistence" name="test_put_persists_and_get_returns_new" time="0.215" /><testcase classname="backend.tests.test_checklist_template.TestChecklistTemplatePersistence" name="test_put_as_cpa_forbidden" time="0.227" /><testcase classname="backend.tests.test_checklist_template.TestOnboardingSeedsFromTemplate" name="test_new_onboarding_uses_default_template" time="0.730" /><testcase classname="backend.tests.test_checklist_template.TestOnboardingSeedsFromTemplate" name="test_new_onboarding_uses_updated_template" time="0.638" /><testcase classname="backend.tests.test_checklist_template.TestOnboardingSeedsFromTemplate" name="test_existing_engagement_unchanged_after_template_put" time="0.928" /></testsuite></testsuites>