<?xml version="1.0" encoding="utf-8"?><testsuites name="pytest tests"><testsuite name="pytest" errors="0" failures="0" skipped="0" tests="14" time="17.731" timestamp="2026-04-27T22:09:09.795642+00:00" hostname="agent-env-1d802cdd-7d7e-4551-9188-545b5d878d66"><testcase classname="backend.tests.test_file_and_t183.TestT183GetThompson" name="test_t183_file_returns_pdf" time="14.605" /><testcase classname="backend.tests.test_file_and_t183.TestT183GetThompson" name="test_t183_metadata_signed_true_for_thompson" time="0.101" /><testcase classname="backend.tests.test_file_and_t183.TestT183GetThompson" name="test_t183_file_accessible_by_cpa" time="0.505" /><testcase classname="backend.tests.test_file_and_t183.TestT183SignRBAC" name="test_cpa_cannot_sign" time="0.114" /><testcase classname="backend.tests.test_file_and_t183.TestT183SignRBAC" name="test_admin_cannot_sign" time="0.501" /><testcase classname="backend.tests.test_file_and_t183.TestT183SignRBAC" name="test_ws_cannot_sign" time="0.526" /><testcase classname="backend.tests.test_file_and_t183.TestT183SignValidation" name="test_invalid_signature_rejected" time="0.437" /><testcase classname="backend.tests.test_file_and_t183.TestT183SignValidation" name="test_empty_signer_name_rejected" time="0.105" /><testcase classname="backend.tests.test_file_and_t183.TestT183SignValidation" name="test_valid_client_sign_persists" time="0.150" /><testcase classname="backend.tests.test_file_and_t183.TestFileWithCRARBAC" name="test_client_cannot_file" time="0.105" /><testcase classname="backend.tests.test_file_and_t183.TestFileWithCRARBAC" name="test_ws_cannot_file" time="0.107" /><testcase classname="backend.tests.test_file_and_t183.TestFileWithCRARBAC" name="test_already_filed_returns_400" time="0.108" /><testcase classname="backend.tests.test_file_and_t183.TestFileWithCRANotApproved" name="test_not_approved_returns_400" time="0.174" /><testcase classname="backend.tests.test_file_and_t183" name="test_endpoints_reachable" time="0.054" /></testsuite></testsuites>