<?xml version="1.0" encoding="utf-8"?><testsuites name="pytest tests"><testsuite name="pytest" errors="0" failures="0" skipped="0" tests="13" time="4.791" timestamp="2026-04-27T17:56:01.026188+00:00" hostname="agent-env-1d802cdd-7d7e-4551-9188-545b5d878d66"><testcase classname="backend.tests.test_draft_review_flow.TestAuth" name="test_admin_login" time="0.841" /><testcase classname="backend.tests.test_draft_review_flow.TestAuth" name="test_cpa_login" time="0.053" /><testcase classname="backend.tests.test_draft_review_flow.TestAuth" name="test_client_login" time="0.410" /><testcase classname="backend.tests.test_draft_review_flow.TestUploadDraftAutoMove" name="test_inprep_upload_moves_to_review_and_clears_decision" time="0.472" /><testcase classname="backend.tests.test_draft_review_flow.TestUploadDraftAutoMove" name="test_inreview_reupload_keeps_status_and_clears_decision" time="0.430" /><testcase classname="backend.tests.test_draft_review_flow.TestDeleteDraft" name="test_delete_draft_reverts_to_inprep" time="0.168" /><testcase classname="backend.tests.test_draft_review_flow.TestDeleteDraft" name="test_delete_draft_returns_404_when_missing" time="0.177" /><testcase classname="backend.tests.test_draft_review_flow.TestDeleteDraft" name="test_delete_draft_forbidden_for_client" time="0.306" /><testcase classname="backend.tests.test_draft_review_flow.TestDeleteDraft" name="test_delete_draft_forbidden_for_ws_partner" time="0.533" /><testcase classname="backend.tests.test_draft_review_flow.TestDeleteDraft" name="test_admin_can_delete_draft" time="0.169" /><testcase classname="backend.tests.test_draft_review_flow.TestRegression" name="test_move_to_review_manual" time="0.440" /><testcase classname="backend.tests.test_draft_review_flow.TestRegression" name="test_review_decision_approved" time="0.113" /><testcase classname="backend.tests.test_draft_review_flow.TestRegression" name="test_review_decision_issue_requires_note" time="0.598" /></testsuite></testsuites>