<?xml version="1.0" encoding="utf-8"?><testsuites name="pytest tests"><testsuite name="pytest" errors="0" failures="0" skipped="1" tests="4" time="41.458" timestamp="2026-04-28T20:21:46.007071+00:00" hostname="agent-env-1d802cdd-7d7e-4551-9188-545b5d878d66"><testcase classname="backend.tests.test_filing_summary.TestT183BackCompatSigned" name="test_t183_meta_has_both_status_and_signed" time="40.819" /><testcase classname="backend.tests.test_filing_summary.TestFilingSummaryWhitelist" name="test_invalid_json_filing_summary_returns_400" time="0.058" /><testcase classname="backend.tests.test_filing_summary.TestFilingSummaryWhitelist" name="test_thompson_persisted_filing_summary_present" time="0.052" /><testcase classname="backend.tests.test_filing_summary.TestFilingSummaryLivePersist" name="test_filing_summary_whitelist_drops_unknown_keys" time="0.460"><skipped type="pytest.skip" message="No IN_REVIEW engagement with signed T183 available">/app/backend/tests/test_filing_summary.py:127: No IN_REVIEW engagement with signed T183 available</skipped></testcase></testsuite></testsuites>