<?xml version="1.0" encoding="utf-8"?><testsuites name="pytest tests"><testsuite name="pytest" errors="0" failures="6" skipped="1" tests="19" time="4.715" timestamp="2026-04-27T22:09:31.262948+00:00" hostname="agent-env-1d802cdd-7d7e-4551-9188-545b5d878d66"><testcase classname="backend.tests.test_draft_history" name="test_get_engagement_returns_draft_history_array" time="0.410" /><testcase classname="backend.tests.test_draft_history" name="test_thompson_preseeded_history_has_4_events" time="0.052" /><testcase classname="backend.tests.test_draft_history" name="test_client_sees_same_history_with_actor_names" time="0.410" /><testcase classname="backend.tests.test_draft_history" name="test_clean_engagement_has_empty_or_missing_history" time="0.065" /><testcase classname="backend.tests.test_draft_history" name="test_review_decision_push_appends_entry" time="0.108"><failure message="AssertionError: upload-draft failed: 400 {&quot;detail&quot;:&quot;Draft can only be uploaded during IN_PREP or IN_REVIEW&quot;}&#10;assert 400 == 200&#10; +  where 400 = &lt;Response [400]&gt;.status_code">backend/tests/test_draft_history.py:123: in test_review_decision_push_appends_entry
    assert r_up.status_code == 200, f"upload-draft failed: {r_up.status_code} {r_up.text[:200]}"
E   AssertionError: upload-draft failed: 400 {"detail":"Draft can only be uploaded during IN_PREP or IN_REVIEW"}
E   assert 400 == 200
E    +  where 400 = &lt;Response [400]&gt;.status_code</failure></testcase><testcase classname="backend.tests.test_draft_history" name="test_issue_decision_stores_note" time="0.051"><failure message="assert 400 == 200&#10; +  where 400 = &lt;Response [400]&gt;.status_code">backend/tests/test_draft_history.py:161: in test_issue_decision_stores_note
    assert r_up.status_code == 200
E   assert 400 == 200
E    +  where 400 = &lt;Response [400]&gt;.status_code</failure></testcase><testcase classname="backend.tests.test_draft_review_flow.TestAuth" name="test_admin_login" time="0.743" /><testcase classname="backend.tests.test_draft_review_flow.TestAuth" name="test_cpa_login" time="0.044" /><testcase classname="backend.tests.test_draft_review_flow.TestAuth" name="test_client_login" time="0.385" /><testcase classname="backend.tests.test_draft_review_flow.TestUploadDraftAutoMove" name="test_inprep_upload_moves_to_review_and_clears_decision" time="0.233"><failure message="AssertionError: precondition: status must be IN_PREP, got FILED&#10;assert 'FILED' == 'IN_PREP'&#10;  &#10;  - IN_PREP&#10;  + FILED">backend/tests/test_draft_review_flow.py:164: in test_inprep_upload_moves_to_review_and_clears_decision
    assert eng.get("status") == "IN_PREP", f"precondition: status must be IN_PREP, got {eng.get('status')}"
E   AssertionError: precondition: status must be IN_PREP, got FILED
E   assert 'FILED' == 'IN_PREP'
E     
E     - IN_PREP
E     + FILED</failure></testcase><testcase classname="backend.tests.test_draft_review_flow.TestUploadDraftAutoMove" name="test_inreview_reupload_keeps_status_and_clears_decision" time="0.053"><failure message="AssertionError: assert 'FILED' == 'IN_REVIEW'&#10;  &#10;  - IN_REVIEW&#10;  + FILED">backend/tests/test_draft_review_flow.py:183: in test_inreview_reupload_keeps_status_and_clears_decision
    assert eng["status"] == "IN_REVIEW"
E   AssertionError: assert 'FILED' == 'IN_REVIEW'
E     
E     - IN_REVIEW
E     + FILED</failure></testcase><testcase classname="backend.tests.test_draft_review_flow.TestDeleteDraft" name="test_delete_draft_reverts_to_inprep" time="0.103"><failure message="assert 400 == 200&#10; +  where 400 = &lt;Response [400]&gt;.status_code">backend/tests/test_draft_review_flow.py:222: in test_delete_draft_reverts_to_inprep
    assert up.status_code == 200
E   assert 400 == 200
E    +  where 400 = &lt;Response [400]&gt;.status_code</failure></testcase><testcase classname="backend.tests.test_draft_review_flow.TestDeleteDraft" name="test_delete_draft_returns_404_when_missing" time="0.152" /><testcase classname="backend.tests.test_draft_review_flow.TestDeleteDraft" name="test_delete_draft_forbidden_for_client" time="0.153" /><testcase classname="backend.tests.test_draft_review_flow.TestDeleteDraft" name="test_delete_draft_forbidden_for_ws_partner" time="0.548" /><testcase classname="backend.tests.test_draft_review_flow.TestDeleteDraft" name="test_admin_can_delete_draft" time="0.167"><failure message="assert 400 == 200&#10; +  where 400 = &lt;Response [400]&gt;.status_code">backend/tests/test_draft_review_flow.py:266: in test_admin_can_delete_draft
    assert up.status_code == 200
E   assert 400 == 200
E    +  where 400 = &lt;Response [400]&gt;.status_code</failure></testcase><testcase classname="backend.tests.test_draft_review_flow.TestRegression" name="test_move_to_review_manual" time="0.201"><skipped type="pytest.skip" message="Cannot reset to IN_PREP via admin endpoint">/app/backend/tests/test_draft_review_flow.py:287: Cannot reset to IN_PREP via admin endpoint</skipped></testcase><testcase classname="backend.tests.test_draft_review_flow.TestRegression" name="test_review_decision_approved" time="0.169" /><testcase classname="backend.tests.test_draft_review_flow.TestRegression" name="test_review_decision_issue_requires_note" time="0.544" /></testsuite></testsuites>