<?xml version="1.0" encoding="utf-8"?><testsuites name="pytest tests"><testsuite name="pytest" errors="0" failures="0" skipped="0" tests="6" time="12.311" timestamp="2026-04-27T18:26:34.461232+00:00" hostname="agent-env-1d802cdd-7d7e-4551-9188-545b5d878d66"><testcase classname="backend.tests.test_draft_history" name="test_get_engagement_returns_draft_history_array" time="9.300" /><testcase classname="backend.tests.test_draft_history" name="test_thompson_preseeded_history_has_4_events" time="0.053" /><testcase classname="backend.tests.test_draft_history" name="test_client_sees_same_history_with_actor_names" time="0.457" /><testcase classname="backend.tests.test_draft_history" name="test_clean_engagement_has_empty_or_missing_history" time="0.065" /><testcase classname="backend.tests.test_draft_history" name="test_review_decision_push_appends_entry" time="1.904" /><testcase classname="backend.tests.test_draft_history" name="test_issue_decision_stores_note" time="0.317" /></testsuite></testsuites>