<?xml version="1.0" encoding="utf-8"?><testsuites name="pytest tests"><testsuite name="pytest" errors="0" failures="0" skipped="1" tests="59" time="71.463" timestamp="2026-04-26T17:27:15.995425+00:00" hostname="agent-env-1d802cdd-7d7e-4551-9188-545b5d878d66"><testcase classname="backend.tests.test_cloudtax_api.TestHealth" name="test_health_returns_ok" time="0.119" /><testcase classname="backend.tests.test_cloudtax_api.TestAuth" name="test_login_admin_success" time="0.344" /><testcase classname="backend.tests.test_cloudtax_api.TestAuth" name="test_login_cpa_success" time="0.350" /><testcase classname="backend.tests.test_cloudtax_api.TestAuth" name="test_login_ws_partner_success" time="0.333" /><testcase classname="backend.tests.test_cloudtax_api.TestAuth" name="test_login_client_success" time="0.339" /><testcase classname="backend.tests.test_cloudtax_api.TestAuth" name="test_login_invalid_credentials" time="0.222" /><testcase classname="backend.tests.test_cloudtax_api.TestAuth" name="test_me_with_bearer_token" time="0.444" /><testcase classname="backend.tests.test_cloudtax_api.TestAuth" name="test_me_without_token_returns_401" time="0.100" /><testcase classname="backend.tests.test_cloudtax_api.TestAuth" name="test_logout_clears_cookie" time="0.387" /><testcase classname="backend.tests.test_cloudtax_api.TestBruteForce" name="test_brute_force_lockout_after_5_fails" time="0.667" /><testcase classname="backend.tests.test_cloudtax_api.TestRBAC" name="test_cpa_sees_only_own_engagements" time="0.457" /><testcase classname="backend.tests.test_cloudtax_api.TestRBAC" name="test_ws_partner_cannot_access_documents" time="0.933" /><testcase classname="backend.tests.test_cloudtax_api.TestRBAC" name="test_client_sees_only_own_engagement_with_tier_redacted" time="0.490" /><testcase classname="backend.tests.test_cloudtax_api.TestEngagements" name="test_admin_list_engagements_returns_10_seeded" time="0.485" /><testcase classname="backend.tests.test_cloudtax_api.TestEngagements" name="test_get_engagement_returns_enriched_data" time="0.590" /><testcase classname="backend.tests.test_cloudtax_api.TestEngagements" name="test_patch_engagement_status_logs_history" time="0.597" /><testcase classname="backend.tests.test_cloudtax_api.TestDocuments" name="test_list_documents_returns_checklist" time="0.629" /><testcase classname="backend.tests.test_cloudtax_api.TestDocuments" name="test_upload_url_returns_presigned_url" time="0.841" /><testcase classname="backend.tests.test_cloudtax_api.TestOpportunities" name="test_create_opportunity" time="0.579" /><testcase classname="backend.tests.test_cloudtax_api.TestOpportunities" name="test_share_opportunity_with_ws" time="1.032" /><testcase classname="backend.tests.test_cloudtax_api.TestOpportunities" name="test_ws_sees_shared_opportunities" time="0.480" /><testcase classname="backend.tests.test_cloudtax_api.TestTimeEntries" name="test_create_time_entry" time="0.555" /><testcase classname="backend.tests.test_cloudtax_api.TestTimeEntries" name="test_list_time_entries" time="0.584" /><testcase classname="backend.tests.test_cloudtax_api.TestChecklist" name="test_list_checklist" time="0.560" /><testcase classname="backend.tests.test_cloudtax_api.TestChecklist" name="test_toggle_checklist_item" time="0.696" /><testcase classname="backend.tests.test_cloudtax_api.TestMetrics" name="test_pilot_metrics_admin" time="0.442" /><testcase classname="backend.tests.test_cloudtax_api.TestMetrics" name="test_pilot_metrics_ws" time="36.394" /><testcase classname="backend.tests.test_cloudtax_api.TestMetrics" name="test_economics_admin_only" time="0.916" /><testcase classname="backend.tests.test_cloudtax_api.TestMetrics" name="test_utilization_metrics" time="3.571" /><testcase classname="backend.tests.test_cloudtax_api.TestUsers" name="test_invite_user_creates_user_and_link" time="0.759" /><testcase classname="backend.tests.test_cloudtax_api.TestUsers" name="test_invite_duplicate_user_returns_409" time="0.490" /><testcase classname="backend.tests.test_cloudtax_api.TestUsers" name="test_update_user_toggle_active" time="3.020" /><testcase classname="backend.tests.test_cloudtax_api.TestMessaging" name="test_post_message_and_list" time="1.280" /><testcase classname="backend.tests.test_cloudtax_api.TestMessaging" name="test_attach_url_returns_presigned_put" time="0.598" /><testcase classname="backend.tests.test_cloudtax_api.TestMessaging" name="test_messages_unread_count" time="0.557" /><testcase classname="backend.tests.test_cloudtax_api.TestMessaging" name="test_sse_stream_with_query_token" time="0.725" /><testcase classname="backend.tests.test_cloudtax_api.TestMessaging" name="test_sse_rejects_without_token" time="0.132" /><testcase classname="backend.tests.test_cloudtax_api.TestCsvExport" name="test_export_admin_returns_csv" time="0.502" /><testcase classname="backend.tests.test_cloudtax_api.TestCsvExport" name="test_export_client_forbidden" time="0.441" /><testcase classname="backend.tests.test_cloudtax_api.TestRemindDeferred" name="test_remind_no_deferred_returns_400" time="0.628" /><testcase classname="backend.tests.test_cloudtax_api.TestStatusHistory" name="test_history_returns_list_no_objectid" time="0.636" /><testcase classname="backend.tests.test_cloudtax_api.TestUserPreferences" name="test_update_notification_prefs" time="0.575" /><testcase classname="backend.tests.test_cloudtax_api.TestObjectIdLeak" name="test_no_objectid_leak_anywhere" time="1.560" /><testcase classname="backend.tests.test_route_order_retest" name="test_patch_users_me_as_client_returns_200" time="1.513" /><testcase classname="backend.tests.test_route_order_retest" name="test_patch_users_me_as_cpa_returns_200" time="0.115" /><testcase classname="backend.tests.test_route_order_retest" name="test_patch_users_me_as_ws_returns_200" time="0.130" /><testcase classname="backend.tests.test_route_order_retest" name="test_get_users_me_full_as_client" time="0.110" /><testcase classname="backend.tests.test_route_order_retest" name="test_patch_users_uid_as_client_still_forbidden" time="0.108" /><testcase classname="backend.tests.test_route_order_retest" name="test_patch_users_me_literal_as_admin_still_works_via_me" time="0.116" /><testcase classname="backend.tests.test_route_order_retest" name="test_patch_users_me_as_admin_not_double_routed" time="0.127" /><testcase classname="backend.tests.test_admin_overhaul.TestUsersTeam" name="test_team_excludes_clients_and_no_id_leak" time="0.448" /><testcase classname="backend.tests.test_admin_overhaul.TestUsersTeam" name="test_team_admin_only" time="0.892" /><testcase classname="backend.tests.test_admin_overhaul.TestPatchUserPermissions" name="test_patch_permissions_and_display_role_persist" time="0.327" /><testcase classname="backend.tests.test_admin_overhaul.TestNotifications" name="test_unread_count_shape" time="0.115" /><testcase classname="backend.tests.test_admin_overhaul.TestNotifications" name="test_mark_single_read_decrements" time="0.114"><skipped type="pytest.skip" message="no unread notifications to mark">/app/backend/tests/test_admin_overhaul.py:114: no unread notifications to mark</skipped></testcase><testcase classname="backend.tests.test_admin_overhaul.TestNotifications" name="test_mark_all_read_zeroes_count" time="0.258" /><testcase classname="backend.tests.test_admin_overhaul.TestInviteWithPermissions" name="test_invite_persists_perms_and_display_role" time="0.562" /><testcase classname="backend.tests.test_admin_overhaul.TestMessagesUnreadCountRegression" name="test_messages_unread_count_still_works" time="0.265" /><testcase classname="backend.tests.test_admin_overhaul.TestPatchMeRouteOrder" name="test_patch_me_client_works" time="0.109" /></testsuite></testsuites>