<?xml version="1.0" encoding="utf-8"?><testsuites name="pytest tests"><testsuite name="pytest" errors="0" failures="0" skipped="1" tests="9" time="3.441" timestamp="2026-04-26T16:30:18.082108+00:00" hostname="agent-env-1d802cdd-7d7e-4551-9188-545b5d878d66"><testcase classname="backend.tests.test_admin_overhaul.TestUsersTeam" name="test_team_excludes_clients_and_no_id_leak" time="0.484" /><testcase classname="backend.tests.test_admin_overhaul.TestUsersTeam" name="test_team_admin_only" time="0.908" /><testcase classname="backend.tests.test_admin_overhaul.TestPatchUserPermissions" name="test_patch_permissions_and_display_role_persist" time="0.353" /><testcase classname="backend.tests.test_admin_overhaul.TestNotifications" name="test_unread_count_shape" time="0.120" /><testcase classname="backend.tests.test_admin_overhaul.TestNotifications" name="test_mark_single_read_decrements" time="0.111"><skipped type="pytest.skip" message="no unread notifications to mark">/app/backend/tests/test_admin_overhaul.py:114: no unread notifications to mark</skipped></testcase><testcase classname="backend.tests.test_admin_overhaul.TestNotifications" name="test_mark_all_read_zeroes_count" time="0.233" /><testcase classname="backend.tests.test_admin_overhaul.TestInviteWithPermissions" name="test_invite_persists_perms_and_display_role" time="0.776" /><testcase classname="backend.tests.test_admin_overhaul.TestMessagesUnreadCountRegression" name="test_messages_unread_count_still_works" time="0.248" /><testcase classname="backend.tests.test_admin_overhaul.TestPatchMeRouteOrder" name="test_patch_me_client_works" time="0.123" /></testsuite></testsuites>