<?xml version="1.0" encoding="utf-8"?><testsuites name="pytest tests"><testsuite name="pytest" errors="0" failures="0" skipped="0" tests="13" time="24.575" timestamp="2026-04-27T17:34:37.160391+00:00" hostname="agent-env-1d802cdd-7d7e-4551-9188-545b5d878d66"><testcase classname="backend.tests.test_draft_review_flow.TestAuth" name="test_admin_login" time="20.280" /><testcase classname="backend.tests.test_draft_review_flow.TestAuth" name="test_cpa_login" time="0.071" /><testcase classname="backend.tests.test_draft_review_flow.TestAuth" name="test_client_login" time="0.408" /><testcase classname="backend.tests.test_draft_review_flow.TestUploadDraftAutoMove" name="test_inprep_upload_moves_to_review_and_clears_decision" time="0.527" /><testcase classname="backend.tests.test_draft_review_flow.TestUploadDraftAutoMove" name="test_inreview_reupload_keeps_status_and_clears_decision" time="0.447" /><testcase classname="backend.tests.test_draft_review_flow.TestDeleteDraft" name="test_delete_draft_reverts_to_inprep" time="0.196" /><testcase classname="backend.tests.test_draft_review_flow.TestDeleteDraft" name="test_delete_draft_returns_404_when_missing" time="0.166" /><testcase classname="backend.tests.test_draft_review_flow.TestDeleteDraft" name="test_delete_draft_forbidden_for_client" time="0.337" /><testcase classname="backend.tests.test_draft_review_flow.TestDeleteDraft" name="test_delete_draft_forbidden_for_ws_partner" time="0.550" /><testcase classname="backend.tests.test_draft_review_flow.TestDeleteDraft" name="test_admin_can_delete_draft" time="0.174" /><testcase classname="backend.tests.test_draft_review_flow.TestRegression" name="test_move_to_review_manual" time="0.464" /><testcase classname="backend.tests.test_draft_review_flow.TestRegression" name="test_review_decision_approved" time="0.151" /><testcase classname="backend.tests.test_draft_review_flow.TestRegression" name="test_review_decision_issue_requires_note" time="0.707" /></testsuite></testsuites>