<?xml version="1.0" encoding="utf-8"?><testsuites name="pytest tests"><testsuite name="pytest" errors="0" failures="0" skipped="0" tests="32" time="44.010" timestamp="2026-04-17T05:54:46.239585+00:00" hostname="agent-env-1d802cdd-7d7e-4551-9188-545b5d878d66"><testcase classname="tests.test_cloudtax_api.TestHealth" name="test_health_returns_ok" time="0.260" /><testcase classname="tests.test_cloudtax_api.TestAuth" name="test_login_admin_success" time="0.342" /><testcase classname="tests.test_cloudtax_api.TestAuth" name="test_login_cpa_success" time="0.327" /><testcase classname="tests.test_cloudtax_api.TestAuth" name="test_login_ws_partner_success" time="0.337" /><testcase classname="tests.test_cloudtax_api.TestAuth" name="test_login_client_success" time="0.340" /><testcase classname="tests.test_cloudtax_api.TestAuth" name="test_login_invalid_credentials" time="0.118" /><testcase classname="tests.test_cloudtax_api.TestAuth" name="test_me_with_bearer_token" time="0.439" /><testcase classname="tests.test_cloudtax_api.TestAuth" name="test_me_without_token_returns_401" time="0.103" /><testcase classname="tests.test_cloudtax_api.TestAuth" name="test_logout_clears_cookie" time="0.416" /><testcase classname="tests.test_cloudtax_api.TestBruteForce" name="test_brute_force_lockout_after_5_fails" time="0.727" /><testcase classname="tests.test_cloudtax_api.TestRBAC" name="test_cpa_sees_only_own_engagements" time="0.467" /><testcase classname="tests.test_cloudtax_api.TestRBAC" name="test_ws_partner_cannot_access_documents" time="0.905" /><testcase classname="tests.test_cloudtax_api.TestRBAC" name="test_client_sees_only_own_engagement_with_tier_redacted" time="0.512" /><testcase classname="tests.test_cloudtax_api.TestEngagements" name="test_admin_list_engagements_returns_10_seeded" time="0.474" /><testcase classname="tests.test_cloudtax_api.TestEngagements" name="test_get_engagement_returns_enriched_data" time="0.655" /><testcase classname="tests.test_cloudtax_api.TestEngagements" name="test_patch_engagement_status_logs_history" time="0.609" /><testcase classname="tests.test_cloudtax_api.TestDocuments" name="test_list_documents_returns_checklist" time="0.568" /><testcase classname="tests.test_cloudtax_api.TestDocuments" name="test_upload_url_returns_presigned_url" time="0.820" /><testcase classname="tests.test_cloudtax_api.TestOpportunities" name="test_create_opportunity" time="0.549" /><testcase classname="tests.test_cloudtax_api.TestOpportunities" name="test_share_opportunity_with_ws" time="0.918" /><testcase classname="tests.test_cloudtax_api.TestOpportunities" name="test_ws_sees_shared_opportunities" time="0.483" /><testcase classname="tests.test_cloudtax_api.TestTimeEntries" name="test_create_time_entry" time="0.564" /><testcase classname="tests.test_cloudtax_api.TestTimeEntries" name="test_list_time_entries" time="0.571" /><testcase classname="tests.test_cloudtax_api.TestChecklist" name="test_list_checklist" time="0.550" /><testcase classname="tests.test_cloudtax_api.TestChecklist" name="test_toggle_checklist_item" time="0.670" /><testcase classname="tests.test_cloudtax_api.TestMetrics" name="test_pilot_metrics_admin" time="0.441" /><testcase classname="tests.test_cloudtax_api.TestMetrics" name="test_pilot_metrics_ws" time="20.028" /><testcase classname="tests.test_cloudtax_api.TestMetrics" name="test_economics_admin_only" time="8.103" /><testcase classname="tests.test_cloudtax_api.TestMetrics" name="test_utilization_metrics" time="0.460" /><testcase classname="tests.test_cloudtax_api.TestUsers" name="test_invite_user_creates_user_and_link" time="0.750" /><testcase classname="tests.test_cloudtax_api.TestUsers" name="test_invite_duplicate_user_returns_409" time="0.458" /><testcase classname="tests.test_cloudtax_api.TestUsers" name="test_update_user_toggle_active" time="0.859" /></testsuite></testsuites>