<?xml version="1.0" encoding="utf-8"?><testsuites name="pytest tests"><testsuite name="pytest" errors="0" failures="8" skipped="2" tests="51" time="19.547" timestamp="2026-04-28T19:15:01.256280+00:00" hostname="agent-env-1d802cdd-7d7e-4551-9188-545b5d878d66"><testcase classname="backend.tests.test_iter11_corp_uploads_notify.TestCorpNameMandatory" name="test_post_onboarding_missing_corp_name_returns_400" time="0.496" /><testcase classname="backend.tests.test_iter11_corp_uploads_notify.TestCorpNameMandatory" name="test_post_onboarding_blank_corp_name_returns_400" time="0.067" /><testcase classname="backend.tests.test_iter11_corp_uploads_notify.TestCorpNameMandatory" name="test_post_onboarding_with_corp_name_succeeds" time="0.562" /><testcase classname="backend.tests.test_iter11_corp_uploads_notify.TestCorpNameMandatory" name="test_patch_onboarding_blank_corp_name_returns_400" time="0.075" /><testcase classname="backend.tests.test_iter11_corp_uploads_notify.TestSubmitToCloudtaxNotifiesAdmins" name="test_admin_receives_new_referral_admin_notification" time="2.024" /><testcase classname="backend.tests.test_iter11_corp_uploads_notify.TestCpaAssignmentNotifications" name="test_assignment_emits_three_notifications" time="1.831" /><testcase classname="backend.tests.test_iter11_corp_uploads_notify.TestCpaAssignmentNotifications" name="test_no_notification_when_cpa_unchanged" time="1.260" /><testcase classname="backend.tests.test_iter11_corp_uploads_notify.TestMultiFileUploads" name="test_three_uploads_accumulate" time="1.130" /><testcase classname="backend.tests.test_iter11_corp_uploads_notify.TestMultiFileUploads" name="test_download_specific_file" time="0.051" /><testcase classname="backend.tests.test_iter11_corp_uploads_notify.TestMultiFileUploads" name="test_download_nonexistent_file_returns_404" time="0.051" /><testcase classname="backend.tests.test_iter11_corp_uploads_notify.TestMultiFileUploads" name="test_delete_one_file_keeps_doc_uploaded" time="0.129" /><testcase classname="backend.tests.test_iter11_corp_uploads_notify.TestMultiFileUploads" name="test_ws_partner_cannot_delete_file" time="0.064" /><testcase classname="backend.tests.test_iter11_corp_uploads_notify.TestMultiFileUploads" name="test_delete_last_file_reverts_to_pending" time="0.220" /><testcase classname="backend.tests.test_iter11_corp_uploads_notify.TestLegacyDocNormalization" name="test_legacy_doc_has_synthetic_files_entry" time="0.279" /><testcase classname="backend.tests.test_iter11_file_no_approval" name="test_file_with_cra_succeeds_without_client_approval" time="2.024" /><testcase classname="backend.tests.test_iter11_file_no_approval" name="test_file_with_cra_blocked_without_t183" time="0.387" /><testcase classname="backend.tests.test_file_and_t183.TestT183GetThompson" name="test_t183_file_returns_pdf" time="0.467" /><testcase classname="backend.tests.test_file_and_t183.TestT183GetThompson" name="test_t183_metadata_signed_true_for_thompson" time="0.113"><failure message="KeyError: 'signed'">E   KeyError: 'signed'</failure></testcase><testcase classname="backend.tests.test_file_and_t183.TestT183GetThompson" name="test_t183_file_accessible_by_cpa" time="0.466" /><testcase classname="backend.tests.test_file_and_t183.TestT183SignRBAC" name="test_cpa_cannot_sign" time="0.123" /><testcase classname="backend.tests.test_file_and_t183.TestT183SignRBAC" name="test_admin_cannot_sign" time="0.464" /><testcase classname="backend.tests.test_file_and_t183.TestT183SignRBAC" name="test_ws_cannot_sign" time="0.474" /><testcase classname="backend.tests.test_file_and_t183.TestT183SignValidation" name="test_invalid_signature_rejected" time="0.456" /><testcase classname="backend.tests.test_file_and_t183.TestT183SignValidation" name="test_empty_signer_name_rejected" time="0.114" /><testcase classname="backend.tests.test_file_and_t183.TestT183SignValidation" name="test_valid_client_sign_persists" time="0.361"><failure message="KeyError: 'signed'">E   KeyError: 'signed'</failure></testcase><testcase classname="backend.tests.test_file_and_t183.TestFileWithCRARBAC" name="test_client_cannot_file" time="0.106" /><testcase classname="backend.tests.test_file_and_t183.TestFileWithCRARBAC" name="test_ws_cannot_file" time="0.116" /><testcase classname="backend.tests.test_file_and_t183.TestFileWithCRARBAC" name="test_already_filed_returns_400" time="0.105" /><testcase classname="backend.tests.test_file_and_t183.TestFileWithCRANotApproved" name="test_not_approved_returns_400" time="0.113"><skipped type="pytest.skip" message="Ahmed has already approved — cannot test 'not approved' path">/app/backend/tests/test_file_and_t183.py:260: Ahmed has already approved — cannot test 'not approved' path</skipped></testcase><testcase classname="backend.tests.test_file_and_t183.TestFileWithCRAT183Required" name="test_t183_unsigned_blocks_filing" time="0.167" /><testcase classname="backend.tests.test_file_and_t183.TestFileWithCRAT183Required" name="test_t183_signed_then_file_succeeds" time="0.368" /><testcase classname="backend.tests.test_file_and_t183" name="test_endpoints_reachable" time="0.049" /><testcase classname="backend.tests.test_draft_history" name="test_get_engagement_returns_draft_history_array" time="0.399" /><testcase classname="backend.tests.test_draft_history" name="test_thompson_preseeded_history_has_4_events" time="0.057" /><testcase classname="backend.tests.test_draft_history" name="test_client_sees_same_history_with_actor_names" time="0.385" /><testcase classname="backend.tests.test_draft_history" name="test_clean_engagement_has_empty_or_missing_history" time="0.074" /><testcase classname="backend.tests.test_draft_history" name="test_review_decision_push_appends_entry" time="0.127"><failure message="AssertionError: upload-draft failed: 400 {&quot;detail&quot;:&quot;Draft can only be uploaded during IN_PREP or IN_REVIEW&quot;}&#10;assert 400 == 200&#10; +  where 400 = &lt;Response [400]&gt;.status_code">E   AssertionError: upload-draft failed: 400 {"detail":"Draft can only be uploaded during IN_PREP or IN_REVIEW"}
    assert 400 == 200
     +  where 400 = &lt;Response [400]&gt;.status_code</failure></testcase><testcase classname="backend.tests.test_draft_history" name="test_issue_decision_stores_note" time="0.049"><failure message="assert 400 == 200&#10; +  where 400 = &lt;Response [400]&gt;.status_code">E   assert 400 == 200
     +  where 400 = &lt;Response [400]&gt;.status_code</failure></testcase><testcase classname="backend.tests.test_draft_review_flow.TestAuth" name="test_admin_login" time="0.713" /><testcase classname="backend.tests.test_draft_review_flow.TestAuth" name="test_cpa_login" time="0.056" /><testcase classname="backend.tests.test_draft_review_flow.TestAuth" name="test_client_login" time="0.403" /><testcase classname="backend.tests.test_draft_review_flow.TestUploadDraftAutoMove" name="test_inprep_upload_moves_to_review_and_clears_decision" time="0.206"><failure message="AssertionError: precondition: status must be IN_PREP, got FILED&#10;assert 'FILED' == 'IN_PREP'&#10;  &#10;  - IN_PREP&#10;  + FILED">E   AssertionError: precondition: status must be IN_PREP, got FILED
    assert 'FILED' == 'IN_PREP'
      
      - IN_PREP
      + FILED</failure></testcase><testcase classname="backend.tests.test_draft_review_flow.TestUploadDraftAutoMove" name="test_inreview_reupload_keeps_status_and_clears_decision" time="0.052"><failure message="AssertionError: assert 'FILED' == 'IN_REVIEW'&#10;  &#10;  - IN_REVIEW&#10;  + FILED">E   AssertionError: assert 'FILED' == 'IN_REVIEW'
      
      - IN_REVIEW
      + FILED</failure></testcase><testcase classname="backend.tests.test_draft_review_flow.TestDeleteDraft" name="test_delete_draft_reverts_to_inprep" time="0.114"><failure message="assert 400 == 200&#10; +  where 400 = &lt;Response [400]&gt;.status_code">E   assert 400 == 200
     +  where 400 = &lt;Response [400]&gt;.status_code</failure></testcase><testcase classname="backend.tests.test_draft_review_flow.TestDeleteDraft" name="test_delete_draft_returns_404_when_missing" time="0.158" /><testcase classname="backend.tests.test_draft_review_flow.TestDeleteDraft" name="test_delete_draft_forbidden_for_client" time="0.164" /><testcase classname="backend.tests.test_draft_review_flow.TestDeleteDraft" name="test_delete_draft_forbidden_for_ws_partner" time="0.586" /><testcase classname="backend.tests.test_draft_review_flow.TestDeleteDraft" name="test_admin_can_delete_draft" time="0.164"><failure message="assert 400 == 200&#10; +  where 400 = &lt;Response [400]&gt;.status_code">E   assert 400 == 200
     +  where 400 = &lt;Response [400]&gt;.status_code</failure></testcase><testcase classname="backend.tests.test_draft_review_flow.TestRegression" name="test_move_to_review_manual" time="0.205"><skipped type="pytest.skip" message="Cannot reset to IN_PREP via admin endpoint">/app/backend/tests/test_draft_review_flow.py:287: Cannot reset to IN_PREP via admin endpoint</skipped></testcase><testcase classname="backend.tests.test_draft_review_flow.TestRegression" name="test_review_decision_approved" time="0.168" /><testcase classname="backend.tests.test_draft_review_flow.TestRegression" name="test_review_decision_issue_requires_note" time="0.590" /></testsuite></testsuites>