<?xml version="1.0" encoding="utf-8"?><testsuites name="pytest tests"><testsuite name="pytest" errors="0" failures="1" skipped="2" tests="33" time="9.665" timestamp="2026-04-28T20:22:33.489960+00:00" hostname="agent-env-1d802cdd-7d7e-4551-9188-545b5d878d66"><testcase classname="backend.tests.test_t183_rebuild.TestT183Upload" name="test_rbac_client_blocked" time="1.038" /><testcase classname="backend.tests.test_t183_rebuild.TestT183Upload" name="test_rbac_ws_blocked" time="0.489" /><testcase classname="backend.tests.test_t183_rebuild.TestT183Upload" name="test_empty_file_400" time="0.153" /><testcase classname="backend.tests.test_t183_rebuild.TestT183Upload" name="test_non_pdf_400" time="0.119" /><testcase classname="backend.tests.test_t183_rebuild.TestT183Upload" name="test_upload_success_resets_state" time="0.675" /><testcase classname="backend.tests.test_t183_rebuild.TestT183Position" name="test_position_out_of_range" time="0.124" /><testcase classname="backend.tests.test_t183_rebuild.TestT183Position" name="test_position_success" time="0.118" /><testcase classname="backend.tests.test_t183_rebuild.TestT183Position" name="test_position_requires_upload" time="0.820" /><testcase classname="backend.tests.test_t183_rebuild.TestT183Send" name="test_send_success" time="0.233" /><testcase classname="backend.tests.test_t183_rebuild.TestT183File" name="test_file_original" time="0.167" /><testcase classname="backend.tests.test_t183_rebuild.TestT183File" name="test_file_auto_returns_original_when_no_signed" time="0.121" /><testcase classname="backend.tests.test_t183_rebuild.TestT183Sign" name="test_sign_invalid_data_url_400" time="0.114" /><testcase classname="backend.tests.test_t183_rebuild.TestT183Sign" name="test_sign_empty_name_400" time="0.133" /><testcase classname="backend.tests.test_t183_rebuild.TestT183Sign" name="test_sign_cpa_blocked" time="0.112" /><testcase classname="backend.tests.test_t183_rebuild.TestT183Sign" name="test_sign_success_pymupdf_merge" time="0.724" /><testcase classname="backend.tests.test_t183_rebuild.TestT183Legacy" name="test_thompson_signed_metadata" time="0.462" /><testcase classname="backend.tests.test_t183_rebuild.TestT183Legacy" name="test_legacy_auto_falls_back" time="0.131" /><testcase classname="backend.tests.test_file_and_t183.TestT183GetThompson" name="test_t183_file_returns_pdf" time="0.505" /><testcase classname="backend.tests.test_file_and_t183.TestT183GetThompson" name="test_t183_metadata_signed_true_for_thompson" time="0.111" /><testcase classname="backend.tests.test_file_and_t183.TestT183GetThompson" name="test_t183_file_accessible_by_cpa" time="0.530" /><testcase classname="backend.tests.test_file_and_t183.TestT183SignRBAC" name="test_cpa_cannot_sign" time="0.114" /><testcase classname="backend.tests.test_file_and_t183.TestT183SignRBAC" name="test_admin_cannot_sign" time="0.468" /><testcase classname="backend.tests.test_file_and_t183.TestT183SignRBAC" name="test_ws_cannot_sign" time="0.507" /><testcase classname="backend.tests.test_file_and_t183.TestT183SignValidation" name="test_invalid_signature_rejected" time="0.477" /><testcase classname="backend.tests.test_file_and_t183.TestT183SignValidation" name="test_empty_signer_name_rejected" time="0.101" /><testcase classname="backend.tests.test_file_and_t183.TestT183SignValidation" name="test_valid_client_sign_persists" time="0.161" /><testcase classname="backend.tests.test_file_and_t183.TestFileWithCRARBAC" name="test_client_cannot_file" time="0.127" /><testcase classname="backend.tests.test_file_and_t183.TestFileWithCRARBAC" name="test_ws_cannot_file" time="0.131" /><testcase classname="backend.tests.test_file_and_t183.TestFileWithCRARBAC" name="test_already_filed_returns_400" time="0.119" /><testcase classname="backend.tests.test_file_and_t183.TestFileWithCRANotApproved" name="test_not_approved_returns_400" time="0.108"><skipped type="pytest.skip" message="Ahmed has already approved — cannot test 'not approved' path">/app/backend/tests/test_file_and_t183.py:260: Ahmed has already approved — cannot test 'not approved' path</skipped></testcase><testcase classname="backend.tests.test_file_and_t183.TestFileWithCRAT183Required" name="test_t183_unsigned_blocks_filing" time="0.168"><failure message="AssertionError: error should mention T183/authorization: {&quot;detail&quot;:&quot;cannot file from status filed&quot;}&#10;assert ('t183' in '{&quot;detail&quot;:&quot;cannot file from status filed&quot;}' or 'authoriz' in '{&quot;detail&quot;:&quot;cannot file from status filed&quot;}')">backend/tests/test_file_and_t183.py:310: in test_t183_unsigned_blocks_filing
    assert ("t183" in body) or ("authoriz" in body), f"error should mention T183/authorization: {body[:200]}"
E   AssertionError: error should mention T183/authorization: {"detail":"cannot file from status filed"}
E   assert ('t183' in '{"detail":"cannot file from status filed"}' or 'authoriz' in '{"detail":"cannot file from status filed"}')</failure></testcase><testcase classname="backend.tests.test_file_and_t183.TestFileWithCRAT183Required" name="test_t183_signed_then_file_succeeds" time="0.054"><skipped type="pytest.skip" message="Ahmed already FILED">/app/backend/tests/test_file_and_t183.py:340: Ahmed already FILED</skipped></testcase><testcase classname="backend.tests.test_file_and_t183" name="test_endpoints_reachable" time="0.056" /></testsuite></testsuites>