<?xml version="1.0" encoding="utf-8"?><testsuites name="pytest tests"><testsuite name="pytest" errors="0" failures="0" skipped="1" tests="16" time="20.469" timestamp="2026-04-27T22:49:06.525944+00:00" hostname="agent-env-1d802cdd-7d7e-4551-9188-545b5d878d66"><testcase classname="backend.tests.test_file_and_t183.TestT183GetThompson" name="test_t183_file_returns_pdf" time="16.596" /><testcase classname="backend.tests.test_file_and_t183.TestT183GetThompson" name="test_t183_metadata_signed_true_for_thompson" time="0.110" /><testcase classname="backend.tests.test_file_and_t183.TestT183GetThompson" name="test_t183_file_accessible_by_cpa" time="0.491" /><testcase classname="backend.tests.test_file_and_t183.TestT183SignRBAC" name="test_cpa_cannot_sign" time="0.115" /><testcase classname="backend.tests.test_file_and_t183.TestT183SignRBAC" name="test_admin_cannot_sign" time="0.515" /><testcase classname="backend.tests.test_file_and_t183.TestT183SignRBAC" name="test_ws_cannot_sign" time="0.491" /><testcase classname="backend.tests.test_file_and_t183.TestT183SignValidation" name="test_invalid_signature_rejected" time="0.469" /><testcase classname="backend.tests.test_file_and_t183.TestT183SignValidation" name="test_empty_signer_name_rejected" time="0.103" /><testcase classname="backend.tests.test_file_and_t183.TestT183SignValidation" name="test_valid_client_sign_persists" time="0.190" /><testcase classname="backend.tests.test_file_and_t183.TestFileWithCRARBAC" name="test_client_cannot_file" time="0.111" /><testcase classname="backend.tests.test_file_and_t183.TestFileWithCRARBAC" name="test_ws_cannot_file" time="0.105" /><testcase classname="backend.tests.test_file_and_t183.TestFileWithCRARBAC" name="test_already_filed_returns_400" time="0.151" /><testcase classname="backend.tests.test_file_and_t183.TestFileWithCRANotApproved" name="test_not_approved_returns_400" time="0.115"><skipped type="pytest.skip" message="Ahmed has already approved — cannot test 'not approved' path">/app/backend/tests/test_file_and_t183.py:260: Ahmed has already approved — cannot test 'not approved' path</skipped></testcase><testcase classname="backend.tests.test_file_and_t183.TestFileWithCRAT183Required" name="test_t183_unsigned_blocks_filing" time="0.237" /><testcase classname="backend.tests.test_file_and_t183.TestFileWithCRAT183Required" name="test_t183_signed_then_file_succeeds" time="0.498" /><testcase classname="backend.tests.test_file_and_t183" name="test_endpoints_reachable" time="0.072" /></testsuite></testsuites>